[2025-04-18 00:34:52] Application started
[2025-04-18 00:34:52] Creating refrigerator: Samsung Fridge
[2025-04-18 00:34:52] Device added: Samsung Fridge
[2025-04-18 00:34:52] Creating drill: Bosch Drill
[2025-04-18 00:34:52] Device added: Bosch Drill
[2025-04-18 00:34:52] Device turned on: Samsung Fridge
[2025-04-18 00:34:52] Device turned on: Bosch Drill
[2025-04-18 00:34:52] Device turned off: Samsung Fridge
[2025-04-18 00:34:52] Device turned off: Bosch Drill
[2025-04-18 00:34:52] Application finished
[2025-04-18 00:44:26] Приложение запущено
[2025-04-18 00:44:26] Создание холодильника: Samsung Холодильник
[2025-04-18 00:44:26] Добавлено устройство: Samsung Холодильник
[2025-04-18 00:44:26] Создание дрели: Bosch Дрель
[2025-04-18 00:44:26] Добавлено устройство: Bosch Дрель
[2025-04-18 00:44:26] Устройство включено: Samsung Холодильник
[2025-04-18 00:44:26] Устройство включено: Bosch Дрель
[2025-04-18 00:44:26] Устройство выключено: Samsung Холодильник
[2025-04-18 00:44:26] Устройство выключено: Bosch Дрель
[2025-04-18 00:44:26] Приложение завершило работу
